<?xml version="1.0" encoding="UTF-8"?>
<testng-results skipped="0" failed="0" total="5" passed="5">
  <reporter-output>
  </reporter-output>
  <suite name="All Test Suite" duration-ms="111153" started-at="2020-10-20T16:47:26Z" finished-at="2020-10-20T16:49:17Z">
    <groups>
    </groups>
    <test name="Main Login Tests" duration-ms="87580" started-at="2020-10-20T16:47:26Z" finished-at="2020-10-20T16:48:53Z">
      <class name="LinkedinMainLoginTests">
        <test-method status="PASS" signature="beforeMethod(java.lang.String)[pri:0, instance:LinkedinMainLoginTests@158d2680]" name="beforeMethod" is-config="true" duration-ms="7547" started-at="2020-10-20T19:47:26Z" finished-at="2020-10-20T19:47:33Z">
          <params>
            <param index="0">
              <value>
                <![CDATA[Firefox]]>
              </value>
            </param>
          </params>
          <reporter-output>
          </reporter-output>
        </test-method> <!-- beforeMethod -->
        <test-method status="PASS" signature="checkLinkedInSearchFunctionality(java.lang.String, java.lang.String)[pri:0, instance:LinkedinMainLoginTests@158d2680]" name="checkLinkedInSearchFunctionality" duration-ms="13083" started-at="2020-10-20T19:47:33Z" data-provider="validDataProvider" finished-at="2020-10-20T19:47:46Z">
          <params>
            <param index="0">
              <value>
                <![CDATA[clarizenapi@gmail.com]]>
              </value>
            </param>
            <param index="1">
              <value>
                <![CDATA[MadjikMadjik123]]>
              </value>
            </param>
          </params>
          <reporter-output>
          </reporter-output>
        </test-method> <!-- checkLinkedInSearchFunctionality -->
        <test-method status="PASS" signature="afterMethod(org.testng.ITestResult)[pri:0, instance:LinkedinMainLoginTests@158d2680]" name="afterMethod" is-config="true" duration-ms="2930" started-at="2020-10-20T19:47:46Z" finished-at="2020-10-20T19:47:49Z">
          <params>
            <param index="0">
              <value>
                <![CDATA[[TestResult name=checkLinkedInSearchFunctionality status=SUCCESS method=LinkedinMainLoginTests.checkLinkedInSearchFunctionality(java.lang.String, java.lang.String)[pri:0, instance:LinkedinMainLoginTests@158d2680] output={null}]]]>
              </value>
            </param>
          </params>
          <reporter-output>
          </reporter-output>
        </test-method> <!-- afterMethod -->
        <test-method status="PASS" signature="beforeMethod(java.lang.String)[pri:0, instance:LinkedinMainLoginTests@158d2680]" name="beforeMethod" is-config="true" duration-ms="6960" started-at="2020-10-20T19:47:49Z" finished-at="2020-10-20T19:47:56Z">
          <params>
            <param index="0">
              <value>
                <![CDATA[Firefox]]>
              </value>
            </param>
          </params>
          <reporter-output>
          </reporter-output>
        </test-method> <!-- beforeMethod -->
        <test-method status="PASS" signature="checkSuccessfulLoginToLinkedin(java.lang.String, java.lang.String)[pri:0, instance:LinkedinMainLoginTests@158d2680]" name="checkSuccessfulLoginToLinkedin" duration-ms="8970" started-at="2020-10-20T19:47:56Z" data-provider="validDataProvider" finished-at="2020-10-20T19:48:05Z">
          <params>
            <param index="0">
              <value>
                <![CDATA[clarizenapi@gmail.com]]>
              </value>
            </param>
            <param index="1">
              <value>
                <![CDATA[MadjikMadjik123]]>
              </value>
            </param>
          </params>
          <reporter-output>
          </reporter-output>
        </test-method> <!-- checkSuccessfulLoginToLinkedin -->
        <test-method status="PASS" signature="afterMethod(org.testng.ITestResult)[pri:0, instance:LinkedinMainLoginTests@158d2680]" name="afterMethod" is-config="true" duration-ms="1963" started-at="2020-10-20T19:48:05Z" finished-at="2020-10-20T19:48:07Z">
          <params>
            <param index="0">
              <value>
                <![CDATA[[TestResult name=checkSuccessfulLoginToLinkedin status=SUCCESS method=LinkedinMainLoginTests.checkSuccessfulLoginToLinkedin(java.lang.String, java.lang.String)[pri:0, instance:LinkedinMainLoginTests@158d2680] output={null}]]]>
              </value>
            </param>
          </params>
          <reporter-output>
          </reporter-output>
        </test-method> <!-- afterMethod -->
        <test-method status="PASS" signature="beforeMethod(java.lang.String)[pri:0, instance:LinkedinMainLoginTests@158d2680]" name="beforeMethod" is-config="true" duration-ms="5579" started-at="2020-10-20T19:48:07Z" finished-at="2020-10-20T19:48:13Z">
          <params>
            <param index="0">
              <value>
                <![CDATA[Firefox]]>
              </value>
            </param>
          </params>
          <reporter-output>
          </reporter-output>
        </test-method> <!-- beforeMethod -->
        <test-method status="PASS" signature="emptyUserEmailAndUserPasswordTest()[pri:0, instance:LinkedinMainLoginTests@158d2680]" name="emptyUserEmailAndUserPasswordTest" duration-ms="20735" started-at="2020-10-20T19:48:13Z" finished-at="2020-10-20T19:48:33Z">
          <reporter-output>
          </reporter-output>
        </test-method> <!-- emptyUserEmailAndUserPasswordTest -->
        <test-method status="PASS" signature="afterMethod(org.testng.ITestResult)[pri:0, instance:LinkedinMainLoginTests@158d2680]" name="afterMethod" is-config="true" duration-ms="1498" started-at="2020-10-20T19:48:33Z" finished-at="2020-10-20T19:48:35Z">
          <params>
            <param index="0">
              <value>
                <![CDATA[[TestResult name=emptyUserEmailAndUserPasswordTest status=SUCCESS method=LinkedinMainLoginTests.emptyUserEmailAndUserPasswordTest()[pri:0, instance:LinkedinMainLoginTests@158d2680] output={null}]]]>
              </value>
            </param>
          </params>
          <reporter-output>
          </reporter-output>
        </test-method> <!-- afterMethod -->
        <test-method status="PASS" signature="beforeMethod(java.lang.String)[pri:0, instance:LinkedinMainLoginTests@158d2680]" name="beforeMethod" is-config="true" duration-ms="5624" started-at="2020-10-20T19:48:35Z" finished-at="2020-10-20T19:48:41Z">
          <params>
            <param index="0">
              <value>
                <![CDATA[Firefox]]>
              </value>
            </param>
          </params>
          <reporter-output>
          </reporter-output>
        </test-method> <!-- beforeMethod -->
        <test-method status="PASS" signature="negativeLoginTest(java.lang.String, java.lang.String)[pri:0, instance:LinkedinMainLoginTests@158d2680]" name="negativeLoginTest" duration-ms="11142" started-at="2020-10-20T19:48:41Z" data-provider="notValidDataProvider" finished-at="2020-10-20T19:48:52Z">
          <params>
            <param index="0">
              <value>
                <![CDATA[dasdsad12312@gmail.com]]>
              </value>
            </param>
            <param index="1">
              <value>
                <![CDATA[wrong12312312]]>
              </value>
            </param>
          </params>
          <reporter-output>
          </reporter-output>
        </test-method> <!-- negativeLoginTest -->
        <test-method status="PASS" signature="afterMethod(org.testng.ITestResult)[pri:0, instance:LinkedinMainLoginTests@158d2680]" name="afterMethod" is-config="true" duration-ms="1533" started-at="2020-10-20T19:48:52Z" finished-at="2020-10-20T19:48:53Z">
          <params>
            <param index="0">
              <value>
                <![CDATA[[TestResult name=negativeLoginTest status=SUCCESS method=LinkedinMainLoginTests.negativeLoginTest(java.lang.String, java.lang.String)[pri:0, instance:LinkedinMainLoginTests@158d2680] output={null}]]]>
              </value>
            </param>
          </params>
          <reporter-output>
          </reporter-output>
        </test-method> <!-- afterMethod -->
      </class> <!-- LinkedinMainLoginTests -->
    </test> <!-- Main Login Tests -->
    <test name="Search Tests" duration-ms="23556" started-at="2020-10-20T16:48:53Z" finished-at="2020-10-20T16:49:17Z">
      <class name="LinkedinSearchTest">
        <test-method status="PASS" signature="beforeMethod(java.lang.String)[pri:0, instance:LinkedinSearchTest@3349e9bb]" name="beforeMethod" is-config="true" duration-ms="5615" started-at="2020-10-20T19:48:53Z" finished-at="2020-10-20T19:48:59Z">
          <params>
            <param index="0">
              <value>
                <![CDATA[Firefox]]>
              </value>
            </param>
          </params>
          <reporter-output>
          </reporter-output>
        </test-method> <!-- beforeMethod -->
        <test-method status="PASS" signature="checkLinkedInSearchFunctionality()[pri:0, instance:LinkedinSearchTest@3349e9bb]" name="checkLinkedInSearchFunctionality" duration-ms="15341" started-at="2020-10-20T19:48:59Z" finished-at="2020-10-20T19:49:14Z">
          <reporter-output>
          </reporter-output>
        </test-method> <!-- checkLinkedInSearchFunctionality -->
        <test-method status="PASS" signature="afterMethod(org.testng.ITestResult)[pri:0, instance:LinkedinSearchTest@3349e9bb]" name="afterMethod" is-config="true" duration-ms="2600" started-at="2020-10-20T19:49:14Z" finished-at="2020-10-20T19:49:17Z">
          <params>
            <param index="0">
              <value>
                <![CDATA[[TestResult name=checkLinkedInSearchFunctionality status=SUCCESS method=LinkedinSearchTest.checkLinkedInSearchFunctionality()[pri:0, instance:LinkedinSearchTest@3349e9bb] output={null}]]]>
              </value>
            </param>
          </params>
          <reporter-output>
          </reporter-output>
        </test-method> <!-- afterMethod -->
      </class> <!-- LinkedinSearchTest -->
    </test> <!-- Search Tests -->
  </suite> <!-- All Test Suite -->
</testng-results>
