<?xml version="1.0" encoding="UTF-8"?>
<!-- Generated by org.testng.reporters.JUnitXMLReporter -->
<testsuite hostname="odp1402015" tests="4" failures="0" timestamp="20 Oct 2020 16:48:53 GMT" time="87.58" errors="0">
  <testcase name="checkLinkedInSearchFunctionality" time="13.083" classname="LinkedinMainLoginTests"/>
  <testcase name="checkSuccessfulLoginToLinkedin" time="8.97" classname="LinkedinMainLoginTests"/>
  <testcase name="emptyUserEmailAndUserPasswordTest" time="20.735" classname="LinkedinMainLoginTests"/>
  <testcase name="negativeLoginTest" time="11.142" classname="LinkedinMainLoginTests"/>
</testsuite>
